<?xml version="1.0" encoding="UTF-8"?>
<!-- Generated by org.testng.reporters.JUnitReportReporter -->
<testsuite skipped="0" hostname="Gamzes-Air.fios-router.home" name="com.syntax.utils.BaseClass" tests="1" failures="0" timestamp="08 Jun 2019 18:24:07 GMT" time="7.602" errors="0">
  <testcase name="setUp" time="7.602" classname="com.syntax.utils.BaseClass"/>
</testsuite> <!-- com.syntax.utils.BaseClass -->
