<?xml version="1.0" encoding="UTF-8"?>
<!-- Generated by org.testng.reporters.JUnitReportReporter -->
<testsuite skipped="0" hostname="Gamzes-Air.fios-router.home" name="com.syntax.practice.ExcellFunctionsTest" tests="1" failures="0" timestamp="15 Jun 2019 17:48:56 GMT" time="0.999" errors="0">
  <testcase name="excelTest" time="0.999" classname="com.syntax.practice.ExcellFunctionsTest"/>
</testsuite> <!-- com.syntax.practice.ExcellFunctionsTest -->
