<?xml version="1.0" encoding="UTF-8"?>
<!-- Generated by org.testng.reporters.JUnitReportReporter -->
<testsuite skipped="0" hostname="Gamzes-Air.fios-router.home" name="com.syntax.practice.ExcelWrite" tests="1" failures="0" timestamp="15 Jun 2019 15:43:59 GMT" time="1.850" errors="0">
  <testcase name="writeExcelfile" time="1.850" classname="com.syntax.practice.ExcelWrite"/>
</testsuite> <!-- com.syntax.practice.ExcelWrite -->
