<?xml version="1.0" encoding="UTF-8"?>
<!-- Generated by org.testng.reporters.JUnitReportReporter -->
<testsuite skipped="0" hostname="Gamzes-Air.fios-router.home" name="com.syntax.testcases.ExcelDemo" tests="1" failures="0" timestamp="15 Jun 2019 14:46:34 GMT" time="1.480" errors="0">
  <testcase name="readExcel" time="1.480" classname="com.syntax.testcases.ExcelDemo"/>
</testsuite> <!-- com.syntax.testcases.ExcelDemo -->
