<?xml version="1.0" encoding="UTF-8"?>
<!-- Generated by org.testng.reporters.JUnitReportReporter -->
<testsuite skipped="0" hostname="Gamzes-Air.fios-router.home" name="com.syntax.testcases.LoginPageTest" tests="2" failures="0" timestamp="16 Jun 2019 19:00:12 GMT" time="12.224" errors="0">
  <testcase name="loginToOrangeHRM" time="5.640" classname="com.syntax.testcases.LoginPageTest"/>
  <testcase name="doLogin" time="6.584" classname="com.syntax.testcases.LoginPageTest"/>
</testsuite> <!-- com.syntax.testcases.LoginPageTest -->
